phone/build/intermediates/manifest_merge_blame_file/debug/processDebugMainManifest/manifest-merger-blame-debug-report.txt
1<?xml version="1.0" encoding="utf-8"?>
2<!--
3 Copyright (C) 2007 The Android Open Source Project
4
5     Licensed under the Apache License, Version 2.0 (the "License");
6     you may not use this file except in compliance with the License.
7     You may obtain a copy of the License at
8  
9          http://www.apache.org/licenses/LICENSE-2.0
10  
11     Unless required by applicable law or agreed to in writing, software
12     distributed under the License is distributed on an "AS IS" BASIS,
13     WITHOUT WARRANTIES OR CONDITIONS OF ANY KIND, either express or implied.
14     See the License for the specific language governing permissions and
15     limitations under the License.
16-->
17<manifest xmlns:android="http://schemas.android.com/apk/res/android"
18    package="com.xaulinxs.donut.telefoneantigo"
19    android:versionCode="1"
20    android:versionName="1.6-donut-rebuild" >
21
22    <uses-sdk
23        android:minSdkVersion="23"
24        android:targetSdkVersion="34" />
25
26    <protected-broadcast android:name="android.intent.action.SERVICE_STATE" />
26-->src/main/AndroidManifest.xml:20:5-79
26-->src/main/AndroidManifest.xml:20:26-76
27    <protected-broadcast android:name="android.intent.action.RADIO_TECHNOLOGY" />
27-->src/main/AndroidManifest.xml:20:5-79
27-->src/main/AndroidManifest.xml:20:26-76
28    <protected-broadcast android:name="android.intent.action.EMERGENCY_CALLBACK_MODE_CHANGED" />
28-->src/main/AndroidManifest.xml:20:5-79
28-->src/main/AndroidManifest.xml:20:26-76
29    <protected-broadcast android:name="android.intent.action.SIG_STR" />
29-->src/main/AndroidManifest.xml:20:5-79
29-->src/main/AndroidManifest.xml:20:26-76
30    <protected-broadcast android:name="android.intent.action.ANY_DATA_STATE" />
30-->src/main/AndroidManifest.xml:20:5-79
30-->src/main/AndroidManifest.xml:20:26-76
31    <protected-broadcast android:name="android.intent.action.DATA_CONNECTION_FAILED" />
31-->src/main/AndroidManifest.xml:20:5-79
31-->src/main/AndroidManifest.xml:20:26-76
32    <protected-broadcast android:name="android.intent.action.SIM_STATE_CHANGED" />
32-->src/main/AndroidManifest.xml:20:5-79
32-->src/main/AndroidManifest.xml:20:26-76
33    <protected-broadcast android:name="android.intent.action.NETWORK_SET_TIME" />
33-->src/main/AndroidManifest.xml:20:5-79
33-->src/main/AndroidManifest.xml:20:26-76
34    <protected-broadcast android:name="android.intent.action.NETWORK_SET_TIMEZONE" />
34-->src/main/AndroidManifest.xml:20:5-79
34-->src/main/AndroidManifest.xml:20:26-76
35    <protected-broadcast android:name="android.intent.action.ACTION_SHOW_NOTICE_ECM_BLOCK_OTHERS" />
35-->src/main/AndroidManifest.xml:20:5-79
35-->src/main/AndroidManifest.xml:20:26-76
36    <protected-broadcast android:name="android.intent.action.ACTION_MDN_STATE_CHANGED" />
36-->src/main/AndroidManifest.xml:20:5-79
36-->src/main/AndroidManifest.xml:20:26-76
37    <protected-broadcast android:name="android.provider.Telephony.SPN_STRINGS_UPDATED" />
37-->src/main/AndroidManifest.xml:20:5-79
37-->src/main/AndroidManifest.xml:20:26-76
38
39    <!--
40         Permissões signature/system-only removidas nesta rodada, porque
41         nenhum app normal (nem assinado, sem sharedUserId de sistema)
42         chega a recebê-las de verdade: eram letra morta.
43         CALL_PRIVILEGED, WRITE_SECURE_SETTINGS, INTERNAL_SYSTEM_WINDOW,
44         ADD_SYSTEM_SERVICE, STATUS_BAR, MODIFY_PHONE_STATE, DEVICE_POWER,
45         REORDER_TASKS, CHANGE_CONFIGURATION, SET_TIME_ZONE,
46         WRITE_APN_SETTINGS, BROADCAST_SMS, BROADCAST_WAP_PUSH,
47         DISABLE_KEYGUARD (substituída pelo padrão moderno de janela, ver
48         PhoneApp.disableKeyguard()). SYSTEM_ALERT_WINDOW também saiu: não é
49         usada em nenhum lugar do código já migrado.
50    -->
51    <uses-permission android:name="android.permission.BROADCAST_STICKY" />
51-->src/main/AndroidManifest.xml:43:5-75
51-->src/main/AndroidManifest.xml:43:22-72
52    <uses-permission android:name="android.permission.CALL_PHONE" />
52-->src/main/AndroidManifest.xml:44:5-69
52-->src/main/AndroidManifest.xml:44:22-66
53    <uses-permission android:name="android.permission.ANSWER_PHONE_CALLS" />
53-->src/main/AndroidManifest.xml:45:5-77
53-->src/main/AndroidManifest.xml:45:22-74
54    <uses-permission android:name="android.permission.WRITE_SETTINGS" />
54-->src/main/AndroidManifest.xml:46:5-73
54-->src/main/AndroidManifest.xml:46:22-70
55    <uses-permission android:name="android.permission.READ_CONTACTS" />
55-->src/main/AndroidManifest.xml:47:5-72
55-->src/main/AndroidManifest.xml:47:22-69
56    <uses-permission android:name="android.permission.WRITE_CONTACTS" />
56-->src/main/AndroidManifest.xml:48:5-73
56-->src/main/AndroidManifest.xml:48:22-70
57    <uses-permission android:name="android.permission.VIBRATE" />
57-->src/main/AndroidManifest.xml:49:5-66
57-->src/main/AndroidManifest.xml:49:22-63
58    <uses-permission android:name="android.permission.BLUETOOTH" />
58-->src/main/AndroidManifest.xml:50:5-68
58-->src/main/AndroidManifest.xml:50:22-65
59    <uses-permission android:name="android.permission.BLUETOOTH_ADMIN" />
59-->src/main/AndroidManifest.xml:51:5-74
59-->src/main/AndroidManifest.xml:51:22-71
60    <uses-permission android:name="android.permission.WAKE_LOCK" />
60-->src/main/AndroidManifest.xml:52:5-68
60-->src/main/AndroidManifest.xml:52:22-65
61    <uses-permission android:name="android.permission.MODIFY_AUDIO_SETTINGS" />
61-->src/main/AndroidManifest.xml:53:5-80
61-->src/main/AndroidManifest.xml:53:22-77
62    <uses-permission android:name="android.permission.RECORD_AUDIO" />
62-->src/main/AndroidManifest.xml:54:5-71
62-->src/main/AndroidManifest.xml:54:22-68
63    <uses-permission android:name="android.permission.READ_SMS" />
63-->src/main/AndroidManifest.xml:55:5-67
63-->src/main/AndroidManifest.xml:55:22-64
64    <uses-permission android:name="android.permission.WRITE_SMS" />
64-->src/main/AndroidManifest.xml:56:5-68
64-->src/main/AndroidManifest.xml:56:22-65
65    <uses-permission android:name="android.permission.ACCESS_WIFI_STATE" />
65-->src/main/AndroidManifest.xml:57:5-76
65-->src/main/AndroidManifest.xml:57:22-73
66    <uses-permission android:name="android.permission.READ_PHONE_STATE" />
66-->src/main/AndroidManifest.xml:58:5-75
66-->src/main/AndroidManifest.xml:58:22-72
67    <uses-permission android:name="android.permission.READ_PHONE_NUMBERS" />
67-->src/main/AndroidManifest.xml:59:5-77
67-->src/main/AndroidManifest.xml:59:22-74
68    <uses-permission android:name="android.permission.INTERNET" />
68-->src/main/AndroidManifest.xml:60:5-67
68-->src/main/AndroidManifest.xml:60:22-64
69    <uses-permission android:name="android.permission.PROCESS_OUTGOING_CALLS" />
69-->src/main/AndroidManifest.xml:61:5-81
69-->src/main/AndroidManifest.xml:61:22-78
70    <uses-permission android:name="android.permission.ACCESS_COARSE_LOCATION" />
70-->src/main/AndroidManifest.xml:62:5-81
70-->src/main/AndroidManifest.xml:62:22-78
71    <!--
72         POST_NOTIFICATIONS: obrigatória em runtime a partir do Android 13
73         (API 33) pra qualquer notificação aparecer, necessária agora que
74         PhoneApp.onCreate() chama NotificationMgr.init() de verdade (a
75         notificação de chamada em andamento/chamada perdida depende disso).
76         Só a declaração no manifest não basta: falta ainda pedir em
77         runtime (ver STATUS-PROJETO.md, seção do NotificationMgr).
78    -->
79    <uses-permission android:name="android.permission.POST_NOTIFICATIONS" />
79-->src/main/AndroidManifest.xml:69:5-77
79-->src/main/AndroidManifest.xml:69:22-74
80
81    <permission
81-->[androidx.core:core:1.13.1] AndroidManifest.xml:22:5-24:47
82        android:name="com.xaulinxs.donut.telefoneantigo.DYNAMIC_RECEIVER_NOT_EXPORTED_PERMISSION"
82-->[androidx.core:core:1.13.1] AndroidManifest.xml:23:9-81
83        android:protectionLevel="signature" />
83-->[androidx.core:core:1.13.1] AndroidManifest.xml:24:9-44
84
85    <uses-permission android:name="com.xaulinxs.donut.telefoneantigo.DYNAMIC_RECEIVER_NOT_EXPORTED_PERMISSION" />
85-->[androidx.core:core:1.13.1] AndroidManifest.xml:26:5-97
85-->[androidx.core:core:1.13.1] AndroidManifest.xml:26:22-94
86
87    <application
87-->src/main/AndroidManifest.xml:71:5-370:19
88        android:name="com.android.phone.PhoneApp"
88-->src/main/AndroidManifest.xml:71:18-41
89        android:appComponentFactory="androidx.core.app.CoreComponentFactory"
89-->[androidx.core:core:1.13.1] AndroidManifest.xml:28:18-86
90        android:debuggable="true"
91        android:extractNativeLibs="false"
92        android:icon="@drawable/ic_launcher_phone"
92-->src/main/AndroidManifest.xml:74:18-60
93        android:label="@string/dialerIconLabel"
93-->src/main/AndroidManifest.xml:73:18-57
94        android:persistent="true"
94-->src/main/AndroidManifest.xml:72:18-43
95        android:theme="@style/Classic.Theme" >
95-->src/main/AndroidManifest.xml:75:18-54
96
97        <!--
98                 Peça real da Rota A: registra o app como candidato a InCallService
99                 (tela de chamada) do sistema. Precisa do usuário escolher este app
100                 como discador padrão pra ser ativado — não acontece sozinho.
101        -->
102        <service
102-->src/main/AndroidManifest.xml:79:13-86:23
103            android:name="com.android.phone.telecom.DonutInCallService"
103-->src/main/AndroidManifest.xml:79:22-64
104            android:exported="true"
104-->src/main/AndroidManifest.xml:81:22-45
105            android:permission="android.permission.BIND_INCALL_SERVICE" >
105-->src/main/AndroidManifest.xml:80:22-81
106            <meta-data
106-->src/main/AndroidManifest.xml:82:17-101
107                android:name="android.telecom.IN_CALL_SERVICE_UI"
107-->src/main/AndroidManifest.xml:82:28-77
108                android:value="true" />
108-->src/main/AndroidManifest.xml:82:78-98
109
110            <intent-filter>
110-->src/main/AndroidManifest.xml:83:17-85:33
111                <action android:name="android.telecom.InCallService" />
111-->src/main/AndroidManifest.xml:84:21-76
111-->src/main/AndroidManifest.xml:84:29-73
112            </intent-filter>
113        </service>
114        <!--
115             Tela de discagem própria do Phone (nova nesta rodada). Junto
116             com o DonutInCallService (já registrado acima), é o que falta
117             pro Android considerar este app elegível como discador padrão
118             (RoleManager.ROLE_DIALER). Também vira o ícone que abre no
119             launcher, já que o app não tinha nenhuma Activity LAUNCHER até
120             agora.
121        -->
122        <activity
122-->src/main/AndroidManifest.xml:93:9-117:20
123            android:name="com.android.phone.PhoneDialerActivity"
123-->src/main/AndroidManifest.xml:93:19-53
124            android:exported="true"
124-->src/main/AndroidManifest.xml:98:13-36
125            android:label="@string/phoneIconLabel"
125-->src/main/AndroidManifest.xml:94:13-51
126            android:launchMode="singleTop"
126-->src/main/AndroidManifest.xml:97:13-43
127            android:screenOrientation="nosensor"
127-->src/main/AndroidManifest.xml:96:13-49
128            android:theme="@style/Classic.Theme.NoTitleBar" >
128-->src/main/AndroidManifest.xml:95:13-60
129            <intent-filter>
129-->src/main/AndroidManifest.xml:99:13-102:29
130                <action android:name="android.intent.action.MAIN" />
130-->src/main/AndroidManifest.xml:100:17-69
130-->src/main/AndroidManifest.xml:100:25-66
131
132                <category android:name="android.intent.category.LAUNCHER" />
132-->src/main/AndroidManifest.xml:101:17-77
132-->src/main/AndroidManifest.xml:101:27-74
133            </intent-filter>
134            <intent-filter>
134-->src/main/AndroidManifest.xml:103:13-106:29
135                <action android:name="android.intent.action.DIAL" />
135-->src/main/AndroidManifest.xml:104:17-69
135-->src/main/AndroidManifest.xml:104:25-66
136
137                <category android:name="android.intent.category.DEFAULT" />
137-->src/main/AndroidManifest.xml:105:17-76
137-->src/main/AndroidManifest.xml:105:27-73
138            </intent-filter>
139            <intent-filter>
139-->src/main/AndroidManifest.xml:107:13-111:29
140                <action android:name="android.intent.action.DIAL" />
140-->src/main/AndroidManifest.xml:104:17-69
140-->src/main/AndroidManifest.xml:104:25-66
141
142                <category android:name="android.intent.category.DEFAULT" />
142-->src/main/AndroidManifest.xml:105:17-76
142-->src/main/AndroidManifest.xml:105:27-73
143
144                <data android:scheme="tel" />
144-->src/main/AndroidManifest.xml:110:17-46
144-->src/main/AndroidManifest.xml:110:23-43
145            </intent-filter>
146            <intent-filter>
146-->src/main/AndroidManifest.xml:112:13-116:29
147                <action android:name="android.intent.action.VIEW" />
147-->src/main/AndroidManifest.xml:113:17-69
147-->src/main/AndroidManifest.xml:113:25-66
148
149                <category android:name="android.intent.category.DEFAULT" />
149-->src/main/AndroidManifest.xml:105:17-76
149-->src/main/AndroidManifest.xml:105:27-73
150
151                <data android:scheme="tel" />
151-->src/main/AndroidManifest.xml:110:17-46
151-->src/main/AndroidManifest.xml:110:23-43
152            </intent-filter>
153        </activity>
154
155        <!-- Dialer UI that only allows emergency calls -->
156        <activity
156-->src/main/AndroidManifest.xml:120:9-128:20
157            android:name="com.android.phone.EmergencyDialer"
157-->src/main/AndroidManifest.xml:120:19-49
158            android:exported="true"
158-->src/main/AndroidManifest.xml:123:13-36
159            android:label="@string/emergencyDialerIconLabel"
159-->src/main/AndroidManifest.xml:121:13-61
160            android:screenOrientation="nosensor" >
160-->src/main/AndroidManifest.xml:122:13-49
161            <intent-filter>
161-->src/main/AndroidManifest.xml:124:13-127:29
162                <action android:name="com.android.phone.EmergencyDialer.DIAL" />
162-->src/main/AndroidManifest.xml:125:17-81
162-->src/main/AndroidManifest.xml:125:25-78
163
164                <category android:name="android.intent.category.DEFAULT" />
164-->src/main/AndroidManifest.xml:105:17-76
164-->src/main/AndroidManifest.xml:105:27-73
165            </intent-filter>
166        </activity>
167        <activity android:name="com.android.phone.ADNList" />
167-->src/main/AndroidManifest.xml:130:9-44
167-->src/main/AndroidManifest.xml:130:19-41
168        <activity
168-->src/main/AndroidManifest.xml:132:9-141:20
169            android:name="com.android.phone.SimContacts"
169-->src/main/AndroidManifest.xml:132:19-45
170            android:exported="true"
170-->src/main/AndroidManifest.xml:134:13-36
171            android:label="@string/simContacts_title" >
171-->src/main/AndroidManifest.xml:133:13-54
172            <intent-filter>
172-->src/main/AndroidManifest.xml:136:13-140:29
173                <action android:name="android.intent.action.VIEW" />
173-->src/main/AndroidManifest.xml:113:17-69
173-->src/main/AndroidManifest.xml:113:25-66
174
175                <category android:name="android.intent.category.DEFAULT" />
175-->src/main/AndroidManifest.xml:105:17-76
175-->src/main/AndroidManifest.xml:105:27-73
176
177                <data android:mimeType="vnd.android.cursor.item/sim-contact" />
177-->src/main/AndroidManifest.xml:110:17-46
177-->src/main/AndroidManifest.xml:139:23-77
178            </intent-filter>
179        </activity>
180        <activity
180-->src/main/AndroidManifest.xml:143:9-150:20
181            android:name="com.android.phone.FdnList"
181-->src/main/AndroidManifest.xml:143:19-41
182            android:exported="true"
182-->src/main/AndroidManifest.xml:144:13-36
183            android:label="@string/fdnListLabel" >
183-->src/main/AndroidManifest.xml:143:42-78
184            <intent-filter>
184-->src/main/AndroidManifest.xml:136:13-140:29
185                <action android:name="android.intent.action.VIEW" />
185-->src/main/AndroidManifest.xml:113:17-69
185-->src/main/AndroidManifest.xml:113:25-66
186
187                <category android:name="android.intent.category.DEFAULT" />
187-->src/main/AndroidManifest.xml:105:17-76
187-->src/main/AndroidManifest.xml:105:27-73
188
189                <data android:mimeType="vnd.android.cursor.item/sim-contact" />
189-->src/main/AndroidManifest.xml:110:17-46
189-->src/main/AndroidManifest.xml:139:23-77
190            </intent-filter>
191        </activity>
192        <activity
192-->src/main/AndroidManifest.xml:152:9-174:20
193            android:name="com.android.phone.OutgoingCallBroadcaster"
193-->src/main/AndroidManifest.xml:152:19-57
194            android:exported="true"
194-->src/main/AndroidManifest.xml:155:17-40
195            android:permission="android.permission.CALL_PHONE"
195-->src/main/AndroidManifest.xml:153:17-67
196            android:theme="@android:style/Theme.NoDisplay" >
196-->src/main/AndroidManifest.xml:154:17-63
197
198            <!--
199                 CALL action intent filters, for the various ways
200                 of initiating an outgoing call.
201            -->
202            <intent-filter>
202-->src/main/AndroidManifest.xml:158:13-162:29
203                <action android:name="android.intent.action.CALL" />
203-->src/main/AndroidManifest.xml:159:17-69
203-->src/main/AndroidManifest.xml:159:25-66
204
205                <category android:name="android.intent.category.DEFAULT" />
205-->src/main/AndroidManifest.xml:105:17-76
205-->src/main/AndroidManifest.xml:105:27-73
206
207                <data android:scheme="tel" />
207-->src/main/AndroidManifest.xml:110:17-46
207-->src/main/AndroidManifest.xml:110:23-43
208            </intent-filter>
209            <intent-filter>
209-->src/main/AndroidManifest.xml:163:13-167:29
210                <action android:name="android.intent.action.CALL" />
210-->src/main/AndroidManifest.xml:159:17-69
210-->src/main/AndroidManifest.xml:159:25-66
211
212                <category android:name="android.intent.category.DEFAULT" />
212-->src/main/AndroidManifest.xml:105:17-76
212-->src/main/AndroidManifest.xml:105:27-73
213
214                <data android:scheme="voicemail" />
214-->src/main/AndroidManifest.xml:110:17-46
214-->src/main/AndroidManifest.xml:110:23-43
215            </intent-filter>
216            <intent-filter>
216-->src/main/AndroidManifest.xml:168:13-173:29
217                <action android:name="android.intent.action.CALL" />
217-->src/main/AndroidManifest.xml:159:17-69
217-->src/main/AndroidManifest.xml:159:25-66
218
219                <category android:name="android.intent.category.DEFAULT" />
219-->src/main/AndroidManifest.xml:105:17-76
219-->src/main/AndroidManifest.xml:105:27-73
220
221                <data android:mimeType="vnd.android.cursor.item/phone_v2" />
221-->src/main/AndroidManifest.xml:110:17-46
221-->src/main/AndroidManifest.xml:139:23-77
222                <data android:mimeType="vnd.android.cursor.item/contact" />
222-->src/main/AndroidManifest.xml:110:17-46
222-->src/main/AndroidManifest.xml:139:23-77
223            </intent-filter>
224        </activity>
225
226        <activity-alias
226-->src/main/AndroidManifest.xml:199:9-219:26
227            android:name="com.android.phone.PrivilegedOutgoingCallBroadcaster"
227-->src/main/AndroidManifest.xml:199:25-73
228            android:exported="true"
228-->src/main/AndroidManifest.xml:202:17-40
229            android:permission="android.permission.CALL_PRIVILEGED"
229-->src/main/AndroidManifest.xml:201:17-72
230            android:targetActivity="com.android.phone.OutgoingCallBroadcaster" >
230-->src/main/AndroidManifest.xml:200:17-65
231            <intent-filter>
231-->src/main/AndroidManifest.xml:203:13-207:29
232                <action android:name="android.intent.action.CALL_PRIVILEGED" />
232-->src/main/AndroidManifest.xml:204:17-80
232-->src/main/AndroidManifest.xml:204:25-77
233
234                <category android:name="android.intent.category.DEFAULT" />
234-->src/main/AndroidManifest.xml:105:17-76
234-->src/main/AndroidManifest.xml:105:27-73
235
236                <data android:scheme="tel" />
236-->src/main/AndroidManifest.xml:110:17-46
236-->src/main/AndroidManifest.xml:110:23-43
237            </intent-filter>
238            <intent-filter>
238-->src/main/AndroidManifest.xml:208:13-212:29
239                <action android:name="android.intent.action.CALL_PRIVILEGED" />
239-->src/main/AndroidManifest.xml:204:17-80
239-->src/main/AndroidManifest.xml:204:25-77
240
241                <category android:name="android.intent.category.DEFAULT" />
241-->src/main/AndroidManifest.xml:105:17-76
241-->src/main/AndroidManifest.xml:105:27-73
242
243                <data android:scheme="voicemail" />
243-->src/main/AndroidManifest.xml:110:17-46
243-->src/main/AndroidManifest.xml:110:23-43
244            </intent-filter>
245            <intent-filter>
245-->src/main/AndroidManifest.xml:213:13-218:29
246                <action android:name="android.intent.action.CALL_PRIVILEGED" />
246-->src/main/AndroidManifest.xml:204:17-80
246-->src/main/AndroidManifest.xml:204:25-77
247
248                <category android:name="android.intent.category.DEFAULT" />
248-->src/main/AndroidManifest.xml:105:17-76
248-->src/main/AndroidManifest.xml:105:27-73
249
250                <data android:mimeType="vnd.android.cursor.item/phone_v2" />
250-->src/main/AndroidManifest.xml:110:17-46
250-->src/main/AndroidManifest.xml:139:23-77
251                <data android:mimeType="vnd.android.cursor.item/contact" />
251-->src/main/AndroidManifest.xml:110:17-46
251-->src/main/AndroidManifest.xml:139:23-77
252            </intent-filter>
253        </activity-alias>
254        <activity-alias
254-->src/main/AndroidManifest.xml:176:9-197:26
255            android:name="com.android.phone.EmergencyOutgoingCallBroadcaster"
255-->src/main/AndroidManifest.xml:176:25-72
256            android:exported="true"
256-->src/main/AndroidManifest.xml:180:17-40
257            android:permission="android.permission.CALL_PRIVILEGED"
257-->src/main/AndroidManifest.xml:178:17-72
258            android:targetActivity="com.android.phone.OutgoingCallBroadcaster"
258-->src/main/AndroidManifest.xml:177:17-65
259            android:theme="@android:style/Theme.NoDisplay" >
259-->src/main/AndroidManifest.xml:179:17-63
260            <intent-filter>
260-->src/main/AndroidManifest.xml:181:13-185:29
261                <action android:name="android.intent.action.CALL_EMERGENCY" />
261-->src/main/AndroidManifest.xml:182:17-79
261-->src/main/AndroidManifest.xml:182:25-76
262
263                <category android:name="android.intent.category.DEFAULT" />
263-->src/main/AndroidManifest.xml:105:17-76
263-->src/main/AndroidManifest.xml:105:27-73
264
265                <data android:scheme="tel" />
265-->src/main/AndroidManifest.xml:110:17-46
265-->src/main/AndroidManifest.xml:110:23-43
266            </intent-filter>
267            <intent-filter>
267-->src/main/AndroidManifest.xml:186:13-190:29
268                <action android:name="android.intent.action.CALL_EMERGENCY" />
268-->src/main/AndroidManifest.xml:182:17-79
268-->src/main/AndroidManifest.xml:182:25-76
269
270                <category android:name="android.intent.category.DEFAULT" />
270-->src/main/AndroidManifest.xml:105:17-76
270-->src/main/AndroidManifest.xml:105:27-73
271
272                <data android:scheme="voicemail" />
272-->src/main/AndroidManifest.xml:110:17-46
272-->src/main/AndroidManifest.xml:110:23-43
273            </intent-filter>
274            <intent-filter>
274-->src/main/AndroidManifest.xml:191:13-196:29
275                <action android:name="android.intent.action.CALL_EMERGENCY" />
275-->src/main/AndroidManifest.xml:182:17-79
275-->src/main/AndroidManifest.xml:182:25-76
276
277                <category android:name="android.intent.category.DEFAULT" />
277-->src/main/AndroidManifest.xml:105:17-76
277-->src/main/AndroidManifest.xml:105:27-73
278
279                <data android:mimeType="vnd.android.cursor.item/phone_v2" />
279-->src/main/AndroidManifest.xml:110:17-46
279-->src/main/AndroidManifest.xml:139:23-77
280                <data android:mimeType="vnd.android.cursor.item/contact" />
280-->src/main/AndroidManifest.xml:110:17-46
280-->src/main/AndroidManifest.xml:139:23-77
281            </intent-filter>
282        </activity-alias>
283
284        <receiver
284-->src/main/AndroidManifest.xml:221:9-227:20
285            android:name="com.android.phone.ProcessOutgoingCallTest"
285-->src/main/AndroidManifest.xml:221:19-57
286            android:enabled="false"
286-->src/main/AndroidManifest.xml:222:13-36
287            android:exported="false" >
287-->src/main/AndroidManifest.xml:221:58-82
288            <intent-filter android:priority="1" >
288-->src/main/AndroidManifest.xml:223:13-226:29
288-->src/main/AndroidManifest.xml:223:28-48
289                <action android:name="android.intent.action.NEW_OUTGOING_CALL" />
289-->src/main/AndroidManifest.xml:224:17-82
289-->src/main/AndroidManifest.xml:224:25-79
290
291                <category android:name="android.intent.category.DEFAULT" />
291-->src/main/AndroidManifest.xml:105:17-76
291-->src/main/AndroidManifest.xml:105:27-73
292            </intent-filter>
293        </receiver>
294        <receiver
294-->src/main/AndroidManifest.xml:229:9-234:20
295            android:name="com.android.phone.OutgoingCallReceiver"
295-->src/main/AndroidManifest.xml:229:19-54
296            android:exported="false" >
296-->src/main/AndroidManifest.xml:229:55-79
297            <intent-filter android:priority="-100" >
297-->src/main/AndroidManifest.xml:223:13-226:29
297-->src/main/AndroidManifest.xml:223:28-48
298                <action android:name="android.intent.action.NEW_OUTGOING_CALL" />
298-->src/main/AndroidManifest.xml:224:17-82
298-->src/main/AndroidManifest.xml:224:25-79
299
300                <category android:name="android.intent.category.DEFAULT" />
300-->src/main/AndroidManifest.xml:105:17-76
300-->src/main/AndroidManifest.xml:105:27-73
301            </intent-filter>
302        </receiver>
303
304        <activity
304-->src/main/AndroidManifest.xml:236:9-242:40
305            android:name="com.android.phone.InCallScreen"
305-->src/main/AndroidManifest.xml:236:19-46
306            android:excludeFromRecents="true"
306-->src/main/AndroidManifest.xml:239:13-46
307            android:exported="false"
307-->src/main/AndroidManifest.xml:242:13-37
308            android:label="@string/phoneIconLabel"
308-->src/main/AndroidManifest.xml:238:13-51
309            android:launchMode="singleInstance"
309-->src/main/AndroidManifest.xml:240:13-48
310            android:screenOrientation="nosensor"
310-->src/main/AndroidManifest.xml:241:13-49
311            android:theme="@style/Classic.Theme.NoTitleBar" />
311-->src/main/AndroidManifest.xml:237:13-60
312
313        <!-- general settings -->
314        <activity
314-->src/main/AndroidManifest.xml:245:9-252:20
315            android:name="com.android.phone.Settings"
315-->src/main/AndroidManifest.xml:245:19-42
316            android:exported="true"
316-->src/main/AndroidManifest.xml:246:13-36
317            android:label="@string/settings_label" >
317-->src/main/AndroidManifest.xml:245:43-81
318            <intent-filter>
318-->src/main/AndroidManifest.xml:247:13-251:29
319                <action android:name="android.intent.action.VIEW" />
319-->src/main/AndroidManifest.xml:113:17-69
319-->src/main/AndroidManifest.xml:113:25-66
320                <action android:name="android.intent.action.MAIN" />
320-->src/main/AndroidManifest.xml:100:17-69
320-->src/main/AndroidManifest.xml:100:25-66
321                <action android:name="android.settings.DATA_ROAMING_SETTINGS" />
321-->src/main/AndroidManifest.xml:250:17-81
321-->src/main/AndroidManifest.xml:250:25-78
322            </intent-filter>
323        </activity>
324
325        <!-- networks setting -->
326        <!--
327             NetworkQueryService (escaneava operadoras via RIL interno) foi excluído do
328             build: TelephonyManager não oferece equivalente público de scan/seleção
329             manual de operadora a apps normais. Ver STATUS-PROJETO.md.
330        -->
331        <activity
331-->src/main/AndroidManifest.xml:258:9-264:20
332            android:name="com.android.phone.NetworkSetting"
332-->src/main/AndroidManifest.xml:258:19-48
333            android:exported="false"
333-->src/main/AndroidManifest.xml:259:13-37
334            android:label="@string/networks" >
334-->src/main/AndroidManifest.xml:258:49-81
335            <intent-filter>
335-->src/main/AndroidManifest.xml:260:13-263:29
336                <action android:name="android.intent.action.MAIN" />
336-->src/main/AndroidManifest.xml:100:17-69
336-->src/main/AndroidManifest.xml:100:25-66
337                <action android:name="android.settings.NETWORK_OPERATOR_" />
337-->src/main/AndroidManifest.xml:262:17-77
337-->src/main/AndroidManifest.xml:262:25-74
338            </intent-filter>
339        </activity>
340        <activity
340-->src/main/AndroidManifest.xml:266:9-272:20
341            android:name="com.android.phone.GsmUmtsOptions"
341-->src/main/AndroidManifest.xml:266:19-48
342            android:exported="false"
342-->src/main/AndroidManifest.xml:268:13-37
343            android:label="@string/gsm_umts_options" >
343-->src/main/AndroidManifest.xml:267:13-53
344            <intent-filter>
344-->src/main/AndroidManifest.xml:269:13-271:29
345                <action android:name="android.intent.action.MAIN" />
345-->src/main/AndroidManifest.xml:100:17-69
345-->src/main/AndroidManifest.xml:100:25-66
346            </intent-filter>
347        </activity>
348        <activity
348-->src/main/AndroidManifest.xml:274:9-280:20
349            android:name="com.android.phone.CdmaOptions"
349-->src/main/AndroidManifest.xml:274:19-45